[2026-07-22 13:51:20] [INFO] Log - Starting testSimpleDraggable: Verifying basic drag functionality.
[2026-07-22 13:51:20] [INFO] Log - Starting testSortableList...
[2026-07-22 13:51:20] [INFO] Log - Starting testSelectableList...
[2026-07-22 13:51:20] [INFO] Log - Starting testResizableBoxWithRestriction...
[2026-07-22 13:51:20] [INFO] Log - Starting testSimpleDragAndDrop...
[2026-07-22 13:51:22] [INFO] Log - Dragging simple box to target...
[2026-07-22 13:51:23] [INFO] Log - Initial size: (200, 200)
[2026-07-22 13:51:23] [INFO] Log - Selecting 2 random items from the list...
[2026-07-22 13:51:23] [INFO] Log - Executing random sorting sequence on List elements...
[2026-07-22 13:51:24] [INFO] Log - Initial Box Location: (245, 179)
[2026-07-22 13:51:24] [INFO] Log - Verifying active classes on selected items...
[2026-07-22 13:51:24] [INFO] Log - Validating item: Porta ac consectetur ac
[2026-07-22 13:51:24] [INFO] Log - Validating item: Cras justo odio
[2026-07-22 13:51:24] [INFO] Log - testSelectableList completed successfully.
[2026-07-22 13:51:25] [INFO] Log - New size: (250, 250)
[2026-07-22 13:51:25] [INFO] Log - testResizableBoxWithRestriction completed successfully.
[2026-07-22 13:51:25] [INFO] Log - Target box text after drop: Dropped!
[2026-07-22 13:51:25] [INFO] Log - testSimpleDragAndDrop completed successfully.
[2026-07-22 13:51:25] [INFO] Log - testSortableList completed successfully.
[2026-07-22 13:51:25] [INFO] Log - New Box Location: (345, 279)
[2026-07-22 13:51:25] [INFO] Log - testSimpleDraggable passed successfully.
[2026-07-22 13:51:35] [INFO] Log - Starting testSelectableGrid...
[2026-07-22 13:51:38] [INFO] Log - Selecting 3 random items from the grid...
[2026-07-22 13:51:39] [INFO] Log - Starting testPreventPropagationDroppable...
[2026-07-22 13:51:39] [INFO] Log - Verifying active classes on selected grid items...
[2026-07-22 13:51:39] [INFO] Log - Validating grid item: Three
[2026-07-22 13:51:39] [INFO] Log - Validating grid item: Two
[2026-07-22 13:51:39] [INFO] Log - Validating grid item: Six
[2026-07-22 13:51:39] [INFO] Log - testSelectableGrid completed successfully.
[2026-07-22 13:51:42] [INFO] Log - Starting testSortableGrid...
[2026-07-22 13:51:42] [INFO] Log - Starting testResizableBoxWithoutRestriction...
[2026-07-22 13:51:42] [INFO] Log - Starting testAxisRestrictedDraggable: Verifying X/Y axis constraints.
[2026-07-22 13:51:43] [INFO] Log - Executing Scenario 1: Not Greedy Drop...
[2026-07-22 13:51:44] [INFO] Log - Initial size: (200, 200)
[2026-07-22 13:51:45] [INFO] Log - Executing random sorting sequence on Grid elements...
[2026-07-22 13:51:45] [INFO] Log - Testing X-Axis restricted box.
[2026-07-22 13:51:46] [INFO] Log - Refreshing page to reset DOM state for Greedy test...
[2026-07-22 13:51:46] [INFO] Log - New size: (500, 500)
[2026-07-22 13:51:46] [INFO] Log - testResizableBoxWithoutRestriction completed successfully.
[2026-07-22 13:51:47] [INFO] Log - testSortableGrid completed successfully.
[2026-07-22 13:51:47] [INFO] Log - Testing Y-Axis restricted box.
[2026-07-22 13:51:47] [INFO] Log - Executing Scenario 2: Greedy Drop...
[2026-07-22 13:51:49] [INFO] Log - testAxisRestrictedDraggable passed successfully.
[2026-07-22 13:51:50] [INFO] Log - testPreventPropagationDroppable completed successfully.
[2026-07-22 13:52:01] [INFO] Log - Starting testRevertDraggable...
[2026-07-22 13:52:04] [INFO] Log - Testing 'Will Revert' Box...
[2026-07-22 13:52:04] [INFO] Log - Starting location: (372, 287)
[2026-07-22 13:52:07] [INFO] Log - Waiting for revert animation to complete...
[2026-07-22 13:52:08] [INFO] Log - Ending location: (372, 287)
[2026-07-22 13:52:08] [INFO] Log - Testing 'Not Revert' Box...
[2026-07-22 13:52:08] [INFO] Log - Starting location: (372, 351)
[2026-07-22 13:52:10] [INFO] Log - Ending location: (656, 334)
[2026-07-22 13:52:10] [INFO] Log - testRevertDraggable completed successfully.
[2026-07-22 13:52:23] [INFO] Log - Starting testContainerRestrictedElegant: Verifying container boundaries.
[2026-07-22 13:52:27] [INFO] Log - Executing Scenario 1: Parent Container Boundary Smash.
[2026-07-22 13:52:32] [INFO] Log - Executing Scenario 2: Span Parent Boundary Smash.
[2026-07-22 13:52:37] [INFO] Log - testContainerRestrictedElegant passed successfully.
[2026-07-22 13:53:51] [INFO] Log - Starting testSelectableList...
[2026-07-22 13:53:54] [INFO] Log - Selecting 2 random items from the list...
[2026-07-22 13:53:54] [INFO] Log - Verifying active classes on selected items...
[2026-07-22 13:53:54] [INFO] Log - Validating item: Morbi leo risus
[2026-07-22 13:53:54] [INFO] Log - Validating item: Cras justo odio
[2026-07-22 13:53:54] [INFO] Log - testSelectableList completed successfully.
[2026-07-22 13:54:03] [INFO] Log - Starting testSelectableGrid...
[2026-07-22 13:54:06] [INFO] Log - Selecting 3 random items from the grid...
[2026-07-22 13:54:06] [INFO] Log - Verifying active classes on selected grid items...
[2026-07-22 13:54:06] [INFO] Log - Validating grid item: Seven
[2026-07-22 13:54:06] [INFO] Log - Validating grid item: Six
[2026-07-22 13:54:06] [INFO] Log - Validating grid item: Two
[2026-07-22 13:54:06] [INFO] Log - testSelectableGrid completed successfully.
[2026-07-22 13:54:15] [INFO] Log - Starting testSimpleDragAndDrop...
[2026-07-22 13:54:17] [INFO] Log - Dragging simple box to target...
[2026-07-22 13:54:19] [INFO] Log - Target box text after drop: Dropped!
[2026-07-22 13:54:19] [INFO] Log - testSimpleDragAndDrop completed successfully.
[2026-07-22 13:54:30] [INFO] Log - Starting testPreventPropagationDroppable...
[2026-07-22 13:54:34] [INFO] Log - Executing Scenario 1: Not Greedy Drop...
[2026-07-22 13:54:36] [INFO] Log - Refreshing page to reset DOM state for Greedy test...
[2026-07-22 13:54:38] [INFO] Log - Executing Scenario 2: Greedy Drop...
[2026-07-22 13:54:40] [INFO] Log - testPreventPropagationDroppable completed successfully.
[2026-07-22 13:54:52] [INFO] Log - Starting testRevertDraggable...
[2026-07-22 13:54:55] [INFO] Log - Testing 'Will Revert' Box...
[2026-07-22 13:54:55] [INFO] Log - Starting location: (372, 287)
[2026-07-22 13:54:58] [INFO] Log - Waiting for revert animation to complete...
[2026-07-22 13:54:59] [INFO] Log - Ending location: (372, 287)
[2026-07-22 13:54:59] [INFO] Log - Testing 'Not Revert' Box...
[2026-07-22 13:54:59] [INFO] Log - Starting location: (372, 351)
[2026-07-22 13:55:01] [INFO] Log - Ending location: (656, 334)
[2026-07-22 13:55:01] [INFO] Log - testRevertDraggable completed successfully.
[2026-07-22 13:55:11] [INFO] Log - Starting testResizableBoxWithRestriction...
[2026-07-22 13:55:13] [INFO] Log - Initial size: (200, 200)
[2026-07-22 13:55:15] [INFO] Log - New size: (250, 250)
[2026-07-22 13:55:15] [INFO] Log - testResizableBoxWithRestriction completed successfully.
[2026-07-22 13:55:23] [INFO] Log - Starting testResizableBoxWithoutRestriction...
[2026-07-22 13:55:26] [INFO] Log - Initial size: (200, 200)
[2026-07-22 13:55:27] [INFO] Log - New size: (500, 500)
[2026-07-22 13:55:27] [INFO] Log - testResizableBoxWithoutRestriction completed successfully.
[2026-07-22 13:55:35] [INFO] Log - Starting testSimpleDraggable: Verifying basic drag functionality.
[2026-07-22 13:55:38] [INFO] Log - Initial Box Location: (245, 179)
[2026-07-22 13:55:40] [INFO] Log - New Box Location: (345, 279)
[2026-07-22 13:55:40] [INFO] Log - testSimpleDraggable passed successfully.
[2026-07-22 13:55:48] [INFO] Log - Starting testAxisRestrictedDraggable: Verifying X/Y axis constraints.
[2026-07-22 13:55:52] [INFO] Log - Testing X-Axis restricted box.
[2026-07-22 13:55:53] [INFO] Log - Testing Y-Axis restricted box.
[2026-07-22 13:55:55] [INFO] Log - testAxisRestrictedDraggable passed successfully.
[2026-07-22 13:56:25] [INFO] Log - Starting testContainerRestrictedElegant: Verifying container boundaries.
[2026-07-22 13:56:28] [INFO] Log - Executing Scenario 1: Parent Container Boundary Smash.
[2026-07-22 13:56:33] [INFO] Log - Executing Scenario 2: Span Parent Boundary Smash.
[2026-07-22 13:56:39] [INFO] Log - testContainerRestrictedElegant passed successfully.
[2026-07-22 13:56:49] [INFO] Log - Starting testSortableList...
[2026-07-22 13:56:51] [INFO] Log - Executing random sorting sequence on List elements...
[2026-07-22 13:56:53] [INFO] Log - testSortableList completed successfully.
[2026-07-22 13:57:04] [INFO] Log - Starting testSortableGrid...
[2026-07-22 13:57:06] [INFO] Log - Executing random sorting sequence on Grid elements...
[2026-07-22 13:57:08] [INFO] Log - testSortableGrid completed successfully.
